
*** Running vivado
    with args -log Top_LogicGates.vds -m64 -product Vivado -mode batch -messageDb vivado.pb -notrace -source Top_LogicGates.tcl


ECHO is off.
ECHO is off.

****** Vivado v2023.1 (64-bit)
  **** SW Build 3865809 on Sun May  7 15:05:29 MDT 2023
  **** IP Build 3864474 on Sun May  7 20:36:21 MDT 2023
  **** SharedData Build 3865790 on Sun May 07 13:33:03 MDT 2023
    ** Copyright 1986-2022 Xilinx, Inc. All Rights Reserved.
    ** Copyright 2022-2023 Advanced Micro Devices, Inc. All Rights Reserved.

source Top_LogicGates.tcl -notrace
create_project: Time (s): cpu = 00:00:06 ; elapsed = 00:00:06 . Memory (MB): peak = 448.547 ; gain = 162.965
Command: read_checkpoint -auto_incremental -incremental C:/Users/jaberulhuda/Desktop/SYSC_3320_LAB_1/LogicGates/LogicGates.srcs/utils_1/imports/synth_1/LogicGates.dcp
INFO: [Vivado 12-5825] Read reference checkpoint from C:/Users/jaberulhuda/Desktop/SYSC_3320_LAB_1/LogicGates/LogicGates.srcs/utils_1/imports/synth_1/LogicGates.dcp for incremental synthesis
INFO: [Vivado 12-7989] Please ensure there are no constraint changes
Command: synth_design -top Top_LogicGates -part xc7z020clg400-1
Starting synth_design
Attempting to get a license for feature 'Synthesis' and/or device 'xc7z020'
INFO: [Common 17-349] Got license for feature 'Synthesis' and/or device 'xc7z020'
INFO: [Device 21-403] Loading part xc7z020clg400-1
INFO: [Designutils 20-5440] No compile time benefit to using incremental synthesis; A full resynthesis will be run
INFO: [Designutils 20-4379] Flow is switching to default flow due to incremental criteria not met. If you would like to alter this behaviour and have the flow terminate instead, please set the following parameter config_implementation {autoIncr.Synth.RejectBehavior Terminate}
INFO: [Synth 8-7079] Multithreading enabled for synth_design using a maximum of 2 processes.
INFO: [Synth 8-7078] Launching helper process for spawning children vivado processes
INFO: [Synth 8-7075] Helper process launched with PID 6652
---------------------------------------------------------------------------------
Starting RTL Elaboration : Time (s): cpu = 00:00:05 ; elapsed = 00:00:05 . Memory (MB): peak = 1298.340 ; gain = 411.188
---------------------------------------------------------------------------------
INFO: [Synth 8-638] synthesizing module 'Top_LogicGates' [C:/Users/jaberulhuda/Desktop/SYSC_3320_LAB_1/LogicGates/LogicGates.srcs/sources_1/new/Top_LogicGates.vhd:39]
INFO: [Synth 8-3491] module 'LogicGates' declared at 'C:/Users/jaberulhuda/Desktop/SYSC_3320_LAB_1/LogicGates/LogicGates.srcs/sources_1/new/LogicGates.vhd:34' bound to instance 'LG1' of component 'LogicGates' [C:/Users/jaberulhuda/Desktop/SYSC_3320_LAB_1/LogicGates/LogicGates.srcs/sources_1/new/Top_LogicGates.vhd:49]
INFO: [Synth 8-638] synthesizing module 'LogicGates' [C:/Users/jaberulhuda/Desktop/SYSC_3320_LAB_1/LogicGates/LogicGates.srcs/sources_1/new/LogicGates.vhd:40]
INFO: [Synth 8-256] done synthesizing module 'LogicGates' (0#1) [C:/Users/jaberulhuda/Desktop/SYSC_3320_LAB_1/LogicGates/LogicGates.srcs/sources_1/new/LogicGates.vhd:40]
INFO: [Synth 8-256] done synthesizing module 'Top_LogicGates' (0#1) [C:/Users/jaberulhuda/Desktop/SYSC_3320_LAB_1/LogicGates/LogicGates.srcs/sources_1/new/Top_LogicGates.vhd:39]
---------------------------------------------------------------------------------
Finished RTL Elaboration : Time (s): cpu = 00:00:07 ; elapsed = 00:00:07 . Memory (MB): peak = 1388.527 ; gain = 501.375
---------------------------------------------------------------------------------
---------------------------------------------------------------------------------
Start Handling Custom Attributes
---------------------------------------------------------------------------------
---------------------------------------------------------------------------------
Finished Handling Custom Attributes : Time (s): cpu = 00:00:07 ; elapsed = 00:00:07 . Memory (MB): peak = 1388.527 ; gain = 501.375
---------------------------------------------------------------------------------
---------------------------------------------------------------------------------
Finished RTL Optimization Phase 1 : Time (s): cpu = 00:00:07 ; elapsed = 00:00:07 . Memory (MB): peak = 1388.527 ; gain = 501.375
---------------------------------------------------------------------------------
Netlist sorting complete. Time (s): cpu = 00:00:00 ; elapsed = 00:00:00 . Memory (MB): peak = 1388.527 ; gain = 0.000
INFO: [Project 1-570] Preparing netlist for logic optimization

Processing XDC Constraints
Initializing timing engine
Parsing XDC File [C:/Users/jaberulhuda/Desktop/SYSC_3320_LAB_1/LogicGates/LogicGates.srcs/constrs_1/new/Zybo_board_IO_mapping.xdc]
WARNING: [Vivado 12-507] No nets matched 'btn_IBUF[0]'. [C:/Users/jaberulhuda/Desktop/SYSC_3320_LAB_1/LogicGates/LogicGates.srcs/constrs_1/new/Zybo_board_IO_mapping.xdc:2]
CRITICAL WARNING: [Common 17-55] 'set_property' expects at least one object. [C:/Users/jaberulhuda/Desktop/SYSC_3320_LAB_1/LogicGates/LogicGates.srcs/constrs_1/new/Zybo_board_IO_mapping.xdc:2]
Resolution: If [get_<value>] was used to populate the object, check to make sure this command returns at least one valid object.
WARNING: [Vivado 12-584] No ports matched 'clk'. [C:/Users/jaberulhuda/Desktop/SYSC_3320_LAB_1/LogicGates/LogicGates.srcs/constrs_1/new/Zybo_board_IO_mapping.xdc:3]
CRITICAL WARNING: [Common 17-55] 'set_property' expects at least one object. [C:/Users/jaberulhuda/Desktop/SYSC_3320_LAB_1/LogicGates/LogicGates.srcs/constrs_1/new/Zybo_board_IO_mapping.xdc:3]
Resolution: If [get_<value>] was used to populate the object, check to make sure this command returns at least one valid object.
WARNING: [Vivado 12-584] No ports matched 'clk'. [C:/Users/jaberulhuda/Desktop/SYSC_3320_LAB_1/LogicGates/LogicGates.srcs/constrs_1/new/Zybo_board_IO_mapping.xdc:4]
CRITICAL WARNING: [Vivado 12-4739] create_clock:No valid object(s) found for '-objects [get_ports clk]'. [C:/Users/jaberulhuda/Desktop/SYSC_3320_LAB_1/LogicGates/LogicGates.srcs/constrs_1/new/Zybo_board_IO_mapping.xdc:4]
Resolution: Check if the specified object(s) exists in the current design. If it does, ensure that the correct design hierarchy was specified for the object. If you are working with clocks, make sure create_clock was used to create the clock object before it is referenced.
WARNING: [Vivado 12-584] No ports matched 'sw[2]'. [C:/Users/jaberulhuda/Desktop/SYSC_3320_LAB_1/LogicGates/LogicGates.srcs/constrs_1/new/Zybo_board_IO_mapping.xdc:8]
CRITICAL WARNING: [Common 17-55] 'set_property' expects at least one object. [C:/Users/jaberulhuda/Desktop/SYSC_3320_LAB_1/LogicGates/LogicGates.srcs/constrs_1/new/Zybo_board_IO_mapping.xdc:8]
Resolution: If [get_<value>] was used to populate the object, check to make sure this command returns at least one valid object.
WARNING: [Vivado 12-584] No ports matched 'sw[3]'. [C:/Users/jaberulhuda/Desktop/SYSC_3320_LAB_1/LogicGates/LogicGates.srcs/constrs_1/new/Zybo_board_IO_mapping.xdc:9]
CRITICAL WARNING: [Common 17-55] 'set_property' expects at least one object. [C:/Users/jaberulhuda/Desktop/SYSC_3320_LAB_1/LogicGates/LogicGates.srcs/constrs_1/new/Zybo_board_IO_mapping.xdc:9]
Resolution: If [get_<value>] was used to populate the object, check to make sure this command returns at least one valid object.
WARNING: [Vivado 12-584] No ports matched 'btn[0]'. [C:/Users/jaberulhuda/Desktop/SYSC_3320_LAB_1/LogicGates/LogicGates.srcs/constrs_1/new/Zybo_board_IO_mapping.xdc:11]
CRITICAL WARNING: [Common 17-55] 'set_property' expects at least one object. [C:/Users/jaberulhuda/Desktop/SYSC_3320_LAB_1/LogicGates/LogicGates.srcs/constrs_1/new/Zybo_board_IO_mapping.xdc:11]
Resolution: If [get_<value>] was used to populate the object, check to make sure this command returns at least one valid object.
WARNING: [Vivado 12-584] No ports matched 'btn[1]'. [C:/Users/jaberulhuda/Desktop/SYSC_3320_LAB_1/LogicGates/LogicGates.srcs/constrs_1/new/Zybo_board_IO_mapping.xdc:12]
CRITICAL WARNING: [Common 17-55] 'set_property' expects at least one object. [C:/Users/jaberulhuda/Desktop/SYSC_3320_LAB_1/LogicGates/LogicGates.srcs/constrs_1/new/Zybo_board_IO_mapping.xdc:12]
Resolution: If [get_<value>] was used to populate the object, check to make sure this command returns at least one valid object.
WARNING: [Vivado 12-584] No ports matched 'btn[2]'. [C:/Users/jaberulhuda/Desktop/SYSC_3320_LAB_1/LogicGates/LogicGates.srcs/constrs_1/new/Zybo_board_IO_mapping.xdc:13]
CRITICAL WARNING: [Common 17-55] 'set_property' expects at least one object. [C:/Users/jaberulhuda/Desktop/SYSC_3320_LAB_1/LogicGates/LogicGates.srcs/constrs_1/new/Zybo_board_IO_mapping.xdc:13]
Resolution: If [get_<value>] was used to populate the object, check to make sure this command returns at least one valid object.
WARNING: [Vivado 12-584] No ports matched 'btn[3]'. [C:/Users/jaberulhuda/Desktop/SYSC_3320_LAB_1/LogicGates/LogicGates.srcs/constrs_1/new/Zybo_board_IO_mapping.xdc:14]
CRITICAL WARNING: [Common 17-55] 'set_property' expects at least one object. [C:/Users/jaberulhuda/Desktop/SYSC_3320_LAB_1/LogicGates/LogicGates.srcs/constrs_1/new/Zybo_board_IO_mapping.xdc:14]
Resolution: If [get_<value>] was used to populate the object, check to make sure this command returns at least one valid object.
Finished Parsing XDC File [C:/Users/jaberulhuda/Desktop/SYSC_3320_LAB_1/LogicGates/LogicGates.srcs/constrs_1/new/Zybo_board_IO_mapping.xdc]
INFO: [Project 1-236] Implementation specific constraints were found while reading constraint file [C:/Users/jaberulhuda/Desktop/SYSC_3320_LAB_1/LogicGates/LogicGates.srcs/constrs_1/new/Zybo_board_IO_mapping.xdc]. These constraints will be ignored for synthesis but will be used in implementation. Impacted constraints are listed in the file [.Xil/Top_LogicGates_propImpl.xdc].
Resolution: To avoid this warning, move constraints listed in [.Xil/Top_LogicGates_propImpl.xdc] to another XDC file and exclude this new file from synthesis with the used_in_synthesis property (File Properties dialog in GUI) and re-run elaboration/synthesis.
Completed Processing XDC Constraints

Netlist sorting complete. Time (s): cpu = 00:00:00 ; elapsed = 00:00:00 . Memory (MB): peak = 1422.855 ; gain = 0.000
INFO: [Project 1-111] Unisim Transformation Summary:
No Unisim elements were transformed.

Constraint Validation Runtime : Time (s): cpu = 00:00:00 ; elapsed = 00:00:00.001 . Memory (MB): peak = 1422.855 ; gain = 0.000
INFO: [Designutils 20-5440] No compile time benefit to using incremental synthesis; A full resynthesis will be run
INFO: [Designutils 20-4379] Flow is switching to default flow due to incremental criteria not met. If you would like to alter this behaviour and have the flow terminate instead, please set the following parameter config_implementation {autoIncr.Synth.RejectBehavior Terminate}
---------------------------------------------------------------------------------
Finished Constraint Validation : Time (s): cpu = 00:00:14 ; elapsed = 00:00:15 . Memory (MB): peak = 1422.855 ; gain = 535.703
---------------------------------------------------------------------------------
---------------------------------------------------------------------------------
Start Loading Part and Timing Information
---------------------------------------------------------------------------------
Loading part: xc7z020clg400-1
---------------------------------------------------------------------------------
Finished Loading Part and Timing Information : Time (s): cpu = 00:00:14 ; elapsed = 00:00:15 . Memory (MB): peak = 1422.855 ; gain = 535.703
---------------------------------------------------------------------------------
---------------------------------------------------------------------------------
Start Applying 'set_property' XDC Constraints
---------------------------------------------------------------------------------
---------------------------------------------------------------------------------
Finished applying 'set_property' XDC Constraints : Time (s): cpu = 00:00:14 ; elapsed = 00:00:15 . Memory (MB): peak = 1422.855 ; gain = 535.703
---------------------------------------------------------------------------------
---------------------------------------------------------------------------------
Finished RTL Optimization Phase 2 : Time (s): cpu = 00:00:14 ; elapsed = 00:00:15 . Memory (MB): peak = 1422.855 ; gain = 535.703
---------------------------------------------------------------------------------
---------------------------------------------------------------------------------
Start RTL Component Statistics 
---------------------------------------------------------------------------------
Detailed RTL Component Info : 
+---XORs : 
	   2 Input      1 Bit         XORs := 1     
---------------------------------------------------------------------------------
Finished RTL Component Statistics 
---------------------------------------------------------------------------------
---------------------------------------------------------------------------------
Start Part Resource Summary
---------------------------------------------------------------------------------
Part Resources:
DSPs: 220 (col length:60)
BRAMs: 280 (col length: RAMB18 60 RAMB36 30)
---------------------------------------------------------------------------------
Finished Part Resource Summary
---------------------------------------------------------------------------------
---------------------------------------------------------------------------------
Start Cross Boundary and Area Optimization
---------------------------------------------------------------------------------
WARNING: [Synth 8-7080] Parallel synthesis criteria is not met
---------------------------------------------------------------------------------
Finished Cross Boundary and Area Optimization : Time (s): cpu = 00:00:16 ; elapsed = 00:00:17 . Memory (MB): peak = 1422.855 ; gain = 535.703
---------------------------------------------------------------------------------
---------------------------------------------------------------------------------
Start Applying XDC Timing Constraints
---------------------------------------------------------------------------------
---------------------------------------------------------------------------------
Finished Applying XDC Timing Constraints : Time (s): cpu = 00:00:22 ; elapsed = 00:00:22 . Memory (MB): peak = 1422.855 ; gain = 535.703
---------------------------------------------------------------------------------
---------------------------------------------------------------------------------
Start Timing Optimization
---------------------------------------------------------------------------------
---------------------------------------------------------------------------------
Finished Timing Optimization : Time (s): cpu = 00:00:22 ; elapsed = 00:00:22 . Memory (MB): peak = 1422.855 ; gain = 535.703
---------------------------------------------------------------------------------
---------------------------------------------------------------------------------
Start Technology Mapping
---------------------------------------------------------------------------------
---------------------------------------------------------------------------------
Finished Technology Mapping : Time (s): cpu = 00:00:22 ; elapsed = 00:00:22 . Memory (MB): peak = 1422.855 ; gain = 535.703
---------------------------------------------------------------------------------
---------------------------------------------------------------------------------
Start IO Insertion
---------------------------------------------------------------------------------
---------------------------------------------------------------------------------
Start Flattening Before IO Insertion
---------------------------------------------------------------------------------
---------------------------------------------------------------------------------
Finished Flattening Before IO Insertion
---------------------------------------------------------------------------------
---------------------------------------------------------------------------------
Start Final Netlist Cleanup
---------------------------------------------------------------------------------
---------------------------------------------------------------------------------
Finished Final Netlist Cleanup
---------------------------------------------------------------------------------
---------------------------------------------------------------------------------
Finished IO Insertion : Time (s): cpu = 00:00:26 ; elapsed = 00:00:27 . Memory (MB): peak = 1422.855 ; gain = 535.703
---------------------------------------------------------------------------------
---------------------------------------------------------------------------------
Start Renaming Generated Instances
---------------------------------------------------------------------------------
---------------------------------------------------------------------------------
Finished Renaming Generated Instances : Time (s): cpu = 00:00:26 ; elapsed = 00:00:27 . Memory (MB): peak = 1422.855 ; gain = 535.703
---------------------------------------------------------------------------------
---------------------------------------------------------------------------------
Start Rebuilding User Hierarchy
---------------------------------------------------------------------------------
---------------------------------------------------------------------------------
Finished Rebuilding User Hierarchy : Time (s): cpu = 00:00:26 ; elapsed = 00:00:27 . Memory (MB): peak = 1422.855 ; gain = 535.703
---------------------------------------------------------------------------------
---------------------------------------------------------------------------------
Start Renaming Generated Ports
---------------------------------------------------------------------------------
---------------------------------------------------------------------------------
Finished Renaming Generated Ports : Time (s): cpu = 00:00:26 ; elapsed = 00:00:27 . Memory (MB): peak = 1422.855 ; gain = 535.703
---------------------------------------------------------------------------------
---------------------------------------------------------------------------------
Start Handling Custom Attributes
---------------------------------------------------------------------------------
---------------------------------------------------------------------------------
Finished Handling Custom Attributes : Time (s): cpu = 00:00:26 ; elapsed = 00:00:27 . Memory (MB): peak = 1422.855 ; gain = 535.703
---------------------------------------------------------------------------------
---------------------------------------------------------------------------------
Start Renaming Generated Nets
---------------------------------------------------------------------------------
---------------------------------------------------------------------------------
Finished Renaming Generated Nets : Time (s): cpu = 00:00:26 ; elapsed = 00:00:27 . Memory (MB): peak = 1422.855 ; gain = 535.703
---------------------------------------------------------------------------------
---------------------------------------------------------------------------------
Start Writing Synthesis Report
---------------------------------------------------------------------------------

Report BlackBoxes: 
+-+--------------+----------+
| |BlackBox name |Instances |
+-+--------------+----------+
+-+--------------+----------+

Report Cell Usage: 
+------+-----+------+
|      |Cell |Count |
+------+-----+------+
|1     |LUT2 |     4|
|2     |IBUF |     2|
|3     |OBUF |     4|
+------+-----+------+
---------------------------------------------------------------------------------
Finished Writing Synthesis Report : Time (s): cpu = 00:00:26 ; elapsed = 00:00:27 . Memory (MB): peak = 1422.855 ; gain = 535.703
---------------------------------------------------------------------------------
Synthesis finished with 0 errors, 0 critical warnings and 1 warnings.
Synthesis Optimization Runtime : Time (s): cpu = 00:00:17 ; elapsed = 00:00:25 . Memory (MB): peak = 1422.855 ; gain = 501.375
Synthesis Optimization Complete : Time (s): cpu = 00:00:26 ; elapsed = 00:00:27 . Memory (MB): peak = 1422.855 ; gain = 535.703
INFO: [Project 1-571] Translating synthesized netlist
Netlist sorting complete. Time (s): cpu = 00:00:00 ; elapsed = 00:00:00 . Memory (MB): peak = 1429.137 ; gain = 0.000
INFO: [Project 1-570] Preparing netlist for logic optimization
INFO: [Opt 31-138] Pushed 0 inverter(s) to 0 load pin(s).
Netlist sorting complete. Time (s): cpu = 00:00:00 ; elapsed = 00:00:00 . Memory (MB): peak = 1434.828 ; gain = 0.000
INFO: [Project 1-111] Unisim Transformation Summary:
No Unisim elements were transformed.

Synth Design complete | Checksum: b92bae7d
INFO: [Common 17-83] Releasing license: Synthesis
24 Infos, 10 Warnings, 9 Critical Warnings and 0 Errors encountered.
synth_design completed successfully
synth_design: Time (s): cpu = 00:00:31 ; elapsed = 00:00:32 . Memory (MB): peak = 1434.828 ; gain = 957.930
INFO: [runtcl-6] Synthesis results are not added to the cache due to CRITICAL_WARNING
INFO: [Common 17-1381] The checkpoint 'C:/Users/jaberulhuda/Desktop/SYSC_3320_LAB_1/LogicGates/LogicGates.runs/synth_1/Top_LogicGates.dcp' has been generated.
INFO: [runtcl-4] Executing : report_utilization -file Top_LogicGates_utilization_synth.rpt -pb Top_LogicGates_utilization_synth.pb
INFO: [Common 17-206] Exiting Vivado at Tue Jan 16 16:42:30 2024...
